  Address.cpp
  add_customer.cpp
D:\College\CS-340\Video Shoppe\add_customer.h(4,10): fatal error C1083: Cannot open include file: 'QMainWindow': No such file or directory
  add_employee.cpp
D:\College\CS-340\Video Shoppe\add_employee.h(4,10): fatal error C1083: Cannot open include file: 'QMainWindow': No such file or directory
  BankCard.cpp
  clerk_page.cpp
D:\College\CS-340\Video Shoppe\clerk_page.h(4,10): fatal error C1083: Cannot open include file: 'QMainWindow': No such file or directory
  Customer.cpp
D:\College\CS-340\Video Shoppe\Customer.cpp(5,22): error C2512: 'Address': no appropriate default constructor available
D:\College\CS-340\Video Shoppe\Address.h(9,7): message : see declaration of 'Address'
D:\College\CS-340\Video Shoppe\Customer.cpp(5,22): error C2512: 'BankCard': no appropriate default constructor available
D:\College\CS-340\Video Shoppe\BankCard.h(10,7): message : see declaration of 'BankCard'
D:\College\CS-340\Video Shoppe\Customer.cpp(27,30): error C2676: binary '!=': 'BankCard' does not define this operator or a conversion to a type acceptable to the predefined operator
  database.cpp
D:\College\CS-340\Video Shoppe\database.h(4,10): fatal error C1083: Cannot open include file: 'QSqlDatabase': No such file or directory
  DVD.cpp
D:\College\CS-340\Video Shoppe\DVD.h(10,14): error C3646: 'title': unknown override specifier
D:\College\CS-340\Video Shoppe\DVD.h(10,14): error C4430: missing type specifier - int assumed. Note: C++ does not support default-int
D:\College\CS-340\Video Shoppe\DVD.h(11,14): error C3646: 'genre': unknown override specifier
D:\College\CS-340\Video Shoppe\DVD.h(11,14): error C4430: missing type specifier - int assumed. Note: C++ does not support default-int
D:\College\CS-340\Video Shoppe\DVD.h(12,16): error C3646: 'actors': unknown override specifier
D:\College\CS-340\Video Shoppe\DVD.h(12,16): error C2143: syntax error: missing ',' before '['
D:\College\CS-340\Video Shoppe\DVD.h(12,19): error C2143: syntax error: missing ')' before ';'
D:\College\CS-340\Video Shoppe\DVD.h(12,19): error C2238: unexpected token(s) preceding ';'
D:\College\CS-340\Video Shoppe\DVD.h(13,17): error C3646: 'director': unknown override specifier
D:\College\CS-340\Video Shoppe\DVD.h(13,17): error C4430: missing type specifier - int assumed. Note: C++ does not support default-int
D:\College\CS-340\Video Shoppe\DVD.h(14,18): error C3646: 'ageRating': unknown override specifier
D:\College\CS-340\Video Shoppe\DVD.h(14,18): error C4430: missing type specifier - int assumed. Note: C++ does not support default-int
D:\College\CS-340\Video Shoppe\DVD.h(16,13): error C3646: 'year': unknown override specifier
D:\College\CS-340\Video Shoppe\DVD.h(16,13): error C4430: missing type specifier - int assumed. Note: C++ does not support default-int
D:\College\CS-340\Video Shoppe\DVD.cpp(7,2): error C2065: 'title': undeclared identifier
D:\College\CS-340\Video Shoppe\DVD.cpp(8,2): error C2065: 'genre': undeclared identifier
D:\College\CS-340\Video Shoppe\DVD.cpp(9,2): error C2065: 'director': undeclared identifier
D:\College\CS-340\Video Shoppe\DVD.cpp(10,2): error C2065: 'ageRating': undeclared identifier
D:\College\CS-340\Video Shoppe\DVD.cpp(11,17): error C2440: '=': cannot convert from 'nullptr' to 'float'
D:\College\CS-340\Video Shoppe\DVD.cpp(11,10): message : nullptr can only be converted to pointer or handle types
  main.cpp
D:\College\CS-340\Video Shoppe\mainwindow.h(4,10): fatal error C1083: Cannot open include file: 'QMainWindow': No such file or directory
  mainwindow.cpp
D:\College\CS-340\Video Shoppe\mainwindow.cpp(1,10): fatal error C1083: Cannot open include file: 'ui_mainwindow.h': No such file or directory
  manager_page.cpp
D:\College\CS-340\Video Shoppe\manager_page.h(4,10): fatal error C1083: Cannot open include file: 'QMainWindow': No such file or directory
  Rental.cpp
D:\College\CS-340\Video Shoppe\DVD.h(10,14): error C3646: 'title': unknown override specifier
D:\College\CS-340\Video Shoppe\DVD.h(10,14): error C4430: missing type specifier - int assumed. Note: C++ does not support default-int
D:\College\CS-340\Video Shoppe\DVD.h(11,14): error C3646: 'genre': unknown override specifier
D:\College\CS-340\Video Shoppe\DVD.h(11,14): error C4430: missing type specifier - int assumed. Note: C++ does not support default-int
D:\College\CS-340\Video Shoppe\DVD.h(12,16): error C3646: 'actors': unknown override specifier
D:\College\CS-340\Video Shoppe\DVD.h(12,16): error C2143: syntax error: missing ',' before '['
D:\College\CS-340\Video Shoppe\DVD.h(12,19): error C2143: syntax error: missing ')' before ';'
D:\College\CS-340\Video Shoppe\DVD.h(12,19): error C2238: unexpected token(s) preceding ';'
D:\College\CS-340\Video Shoppe\DVD.h(13,17): error C3646: 'director': unknown override specifier
D:\College\CS-340\Video Shoppe\DVD.h(13,17): error C4430: missing type specifier - int assumed. Note: C++ does not support default-int
D:\College\CS-340\Video Shoppe\DVD.h(14,18): error C3646: 'ageRating': unknown override specifier
D:\College\CS-340\Video Shoppe\DVD.h(14,18): error C4430: missing type specifier - int assumed. Note: C++ does not support default-int
D:\College\CS-340\Video Shoppe\DVD.h(16,13): error C3646: 'year': unknown override specifier
D:\College\CS-340\Video Shoppe\DVD.h(16,13): error C4430: missing type specifier - int assumed. Note: C++ does not support default-int
  return_dvd.cpp
D:\College\CS-340\Video Shoppe\return_dvd.h(4,10): fatal error C1083: Cannot open include file: 'QMainWindow': No such file or directory
  Transaction.cpp
D:\College\CS-340\Video Shoppe\DVD.h(10,14): error C3646: 'title': unknown override specifier
D:\College\CS-340\Video Shoppe\DVD.h(10,14): error C4430: missing type specifier - int assumed. Note: C++ does not support default-int
D:\College\CS-340\Video Shoppe\DVD.h(11,14): error C3646: 'genre': unknown override specifier
D:\College\CS-340\Video Shoppe\DVD.h(11,14): error C4430: missing type specifier - int assumed. Note: C++ does not support default-int
D:\College\CS-340\Video Shoppe\DVD.h(12,16): error C3646: 'actors': unknown override specifier
D:\College\CS-340\Video Shoppe\DVD.h(12,16): error C2143: syntax error: missing ',' before '['
D:\College\CS-340\Video Shoppe\DVD.h(12,19): error C2143: syntax error: missing ')' before ';'
D:\College\CS-340\Video Shoppe\DVD.h(12,19): error C2238: unexpected token(s) preceding ';'
D:\College\CS-340\Video Shoppe\DVD.h(13,17): error C3646: 'director': unknown override specifier
D:\College\CS-340\Video Shoppe\DVD.h(13,17): error C4430: missing type specifier - int assumed. Note: C++ does not support default-int
D:\College\CS-340\Video Shoppe\DVD.h(14,18): error C3646: 'ageRating': unknown override specifier
D:\College\CS-340\Video Shoppe\DVD.h(14,18): error C4430: missing type specifier - int assumed. Note: C++ does not support default-int
D:\College\CS-340\Video Shoppe\DVD.h(16,13): error C3646: 'year': unknown override specifier
D:\College\CS-340\Video Shoppe\DVD.h(16,13): error C4430: missing type specifier - int assumed. Note: C++ does not support default-int
  Video Shoppe.cpp
  view_inventory.cpp
D:\College\CS-340\Video Shoppe\view_inventory.h(4,10): fatal error C1083: Cannot open include file: 'QMainWindow': No such file or directory
  Generating Code...
